2024-12-08T19:09:32.246+03:00  INFO 2464 --- [tesla] [main] c.gradingsystem.tesla.TeslaApplication   : Starting TeslaApplication using Java 21.0.4 with PID 2464 (C:\Users\frchi\OneDrive\Documents\NetBeansProjects\ricaTesla\build\classes\java\main started by frchi in C:\Users\frchi\OneDrive\Documents\NetBeansProjects\ricaTesla)
2024-12-08T19:09:32.249+03:00  INFO 2464 --- [tesla] [main] c.gradingsystem.tesla.TeslaApplication   : No active profile set, falling back to 1 default profile: "default"
2024-12-08T19:09:33.360+03:00  INFO 2464 --- [tesla] [main] .s.d.r.c.RepositoryConfigurationDelegate : Bootstrapping Spring Data JPA repositories in DEFAULT mode.
2024-12-08T19:09:33.465+03:00  INFO 2464 --- [tesla] [main] .s.d.r.c.RepositoryConfigurationDelegate : Finished Spring Data repository scanning in 92 ms. Found 3 JPA repository interfaces.
2024-12-08T19:09:34.331+03:00  INFO 2464 --- [tesla] [main] o.s.b.w.embedded.tomcat.TomcatWebServer  : Tomcat initialized with port 8080 (http)
2024-12-08T19:09:34.351+03:00  INFO 2464 --- [tesla] [main] o.apache.catalina.core.StandardService   : Starting service [Tomcat]
2024-12-08T19:09:34.351+03:00  INFO 2464 --- [tesla] [main] o.apache.catalina.core.StandardEngine    : Starting Servlet engine: [Apache Tomcat/10.1.31]
2024-12-08T19:09:34.472+03:00  INFO 2464 --- [tesla] [main] o.a.c.c.C.[Tomcat].[localhost].[/]       : Initializing Spring embedded WebApplicationContext
2024-12-08T19:09:34.473+03:00  INFO 2464 --- [tesla] [main] w.s.c.ServletWebServerApplicationContext : Root WebApplicationContext: initialization completed in 2148 ms
2024-12-08T19:09:34.663+03:00  INFO 2464 --- [tesla] [main] o.hibernate.jpa.internal.util.LogHelper  : HHH000204: Processing PersistenceUnitInfo [name: default]
2024-12-08T19:09:34.734+03:00  INFO 2464 --- [tesla] [main] org.hibernate.Version                    : HHH000412: Hibernate ORM core version 6.5.3.Final
2024-12-08T19:09:34.778+03:00  INFO 2464 --- [tesla] [main] o.h.c.internal.RegionFactoryInitiator    : HHH000026: Second-level cache disabled
2024-12-08T19:09:35.266+03:00  INFO 2464 --- [tesla] [main] o.s.o.j.p.SpringPersistenceUnitInfo      : No LoadTimeWeaver setup: ignoring JPA class transformer
2024-12-08T19:09:35.308+03:00  INFO 2464 --- [tesla] [main] com.zaxxer.hikari.HikariDataSource       : HikariPool-1 - Starting...
2024-12-08T19:09:35.552+03:00  INFO 2464 --- [tesla] [main] com.zaxxer.hikari.pool.HikariPool        : HikariPool-1 - Added connection com.mysql.cj.jdbc.ConnectionImpl@23396fc0
2024-12-08T19:09:35.556+03:00  INFO 2464 --- [tesla] [main] com.zaxxer.hikari.HikariDataSource       : HikariPool-1 - Start completed.
2024-12-08T19:09:35.623+03:00  WARN 2464 --- [tesla] [main] org.hibernate.dialect.Dialect            : HHH000511: The 5.5.5 version for [org.hibernate.dialect.MySQLDialect] is no longer supported, hence certain features may not work properly. The minimum supported version is 8.0.0. Check the community dialects project for available legacy versions.
2024-12-08T19:09:37.009+03:00  INFO 2464 --- [tesla] [main] o.h.e.t.j.p.i.JtaPlatformInitiator       : HHH000489: No JTA platform available (set 'hibernate.transaction.jta.platform' to enable JTA platform integration)
2024-12-08T19:09:37.154+03:00  INFO 2464 --- [tesla] [main] j.LocalContainerEntityManagerFactoryBean : Initialized JPA EntityManagerFactory for persistence unit 'default'
2024-12-08T19:09:37.466+03:00  INFO 2464 --- [tesla] [main] o.s.d.j.r.query.QueryEnhancerFactory     : Hibernate is in classpath; If applicable, HQL parser will be used.
2024-12-08T19:09:38.506+03:00  WARN 2464 --- [tesla] [main] JpaBaseConfiguration$JpaWebConfiguration : spring.jpa.open-in-view is enabled by default. Therefore, database queries may be performed during view rendering. Explicitly configure spring.jpa.open-in-view to disable this warning
2024-12-08T19:09:39.065+03:00  INFO 2464 --- [tesla] [main] o.s.b.w.embedded.tomcat.TomcatWebServer  : Tomcat started on port 8080 (http) with context path '/'
2024-12-08T19:09:39.076+03:00  INFO 2464 --- [tesla] [main] c.gradingsystem.tesla.TeslaApplication   : Started TeslaApplication in 7.491 seconds (process running for 8.126)
2024-12-08T19:16:27.883+03:00  INFO 15188 --- [tesla] [main] c.gradingsystem.tesla.TeslaApplication   : Starting TeslaApplication using Java 21.0.4 with PID 15188 (C:\Users\frchi\OneDrive\Documents\NetBeansProjects\ricaTesla\build\classes\java\main started by frchi in C:\Users\frchi\OneDrive\Documents\NetBeansProjects\ricaTesla)
2024-12-08T19:16:27.886+03:00  INFO 15188 --- [tesla] [main] c.gradingsystem.tesla.TeslaApplication   : No active profile set, falling back to 1 default profile: "default"
2024-12-08T19:16:28.979+03:00  INFO 15188 --- [tesla] [main] .s.d.r.c.RepositoryConfigurationDelegate : Bootstrapping Spring Data JPA repositories in DEFAULT mode.
2024-12-08T19:16:29.076+03:00  INFO 15188 --- [tesla] [main] .s.d.r.c.RepositoryConfigurationDelegate : Finished Spring Data repository scanning in 87 ms. Found 3 JPA repository interfaces.
2024-12-08T19:16:29.837+03:00  INFO 15188 --- [tesla] [main] o.s.b.w.embedded.tomcat.TomcatWebServer  : Tomcat initialized with port 8080 (http)
2024-12-08T19:16:29.865+03:00  INFO 15188 --- [tesla] [main] o.apache.catalina.core.StandardService   : Starting service [Tomcat]
2024-12-08T19:16:29.866+03:00  INFO 15188 --- [tesla] [main] o.apache.catalina.core.StandardEngine    : Starting Servlet engine: [Apache Tomcat/10.1.31]
2024-12-08T19:16:29.965+03:00  INFO 15188 --- [tesla] [main] o.a.c.c.C.[Tomcat].[localhost].[/]       : Initializing Spring embedded WebApplicationContext
2024-12-08T19:16:29.965+03:00  INFO 15188 --- [tesla] [main] w.s.c.ServletWebServerApplicationContext : Root WebApplicationContext: initialization completed in 1995 ms
2024-12-08T19:16:30.153+03:00  INFO 15188 --- [tesla] [main] o.hibernate.jpa.internal.util.LogHelper  : HHH000204: Processing PersistenceUnitInfo [name: default]
2024-12-08T19:16:30.223+03:00  INFO 15188 --- [tesla] [main] org.hibernate.Version                    : HHH000412: Hibernate ORM core version 6.5.3.Final
2024-12-08T19:16:30.261+03:00  INFO 15188 --- [tesla] [main] o.h.c.internal.RegionFactoryInitiator    : HHH000026: Second-level cache disabled
2024-12-08T19:16:30.686+03:00  INFO 15188 --- [tesla] [main] o.s.o.j.p.SpringPersistenceUnitInfo      : No LoadTimeWeaver setup: ignoring JPA class transformer
2024-12-08T19:16:30.721+03:00  INFO 15188 --- [tesla] [main] com.zaxxer.hikari.HikariDataSource       : HikariPool-1 - Starting...
2024-12-08T19:16:30.915+03:00  INFO 15188 --- [tesla] [main] com.zaxxer.hikari.pool.HikariPool        : HikariPool-1 - Added connection com.mysql.cj.jdbc.ConnectionImpl@697a92af
2024-12-08T19:16:30.917+03:00  INFO 15188 --- [tesla] [main] com.zaxxer.hikari.HikariDataSource       : HikariPool-1 - Start completed.
2024-12-08T19:16:30.978+03:00  WARN 15188 --- [tesla] [main] org.hibernate.dialect.Dialect            : HHH000511: The 5.5.5 version for [org.hibernate.dialect.MySQLDialect] is no longer supported, hence certain features may not work properly. The minimum supported version is 8.0.0. Check the community dialects project for available legacy versions.
2024-12-08T19:16:32.188+03:00  INFO 15188 --- [tesla] [main] o.h.e.t.j.p.i.JtaPlatformInitiator       : HHH000489: No JTA platform available (set 'hibernate.transaction.jta.platform' to enable JTA platform integration)
2024-12-08T19:16:32.314+03:00  INFO 15188 --- [tesla] [main] j.LocalContainerEntityManagerFactoryBean : Initialized JPA EntityManagerFactory for persistence unit 'default'
2024-12-08T19:16:32.604+03:00  INFO 15188 --- [tesla] [main] o.s.d.j.r.query.QueryEnhancerFactory     : Hibernate is in classpath; If applicable, HQL parser will be used.
2024-12-08T19:16:33.528+03:00  WARN 15188 --- [tesla] [main] JpaBaseConfiguration$JpaWebConfiguration : spring.jpa.open-in-view is enabled by default. Therefore, database queries may be performed during view rendering. Explicitly configure spring.jpa.open-in-view to disable this warning
2024-12-08T19:16:34.114+03:00  INFO 15188 --- [tesla] [main] o.s.b.w.embedded.tomcat.TomcatWebServer  : Tomcat started on port 8080 (http) with context path '/'
2024-12-08T19:16:34.128+03:00  INFO 15188 --- [tesla] [main] c.gradingsystem.tesla.TeslaApplication   : Started TeslaApplication in 7.03 seconds (process running for 7.726)
2024-12-08T19:17:03.924+03:00  INFO 15188 --- [tesla] [http-nio-8080-exec-1] o.a.c.c.C.[Tomcat].[localhost].[/]       : Initializing Spring DispatcherServlet 'dispatcherServlet'
2024-12-08T19:17:03.925+03:00  INFO 15188 --- [tesla] [http-nio-8080-exec-1] o.s.web.servlet.DispatcherServlet        : Initializing Servlet 'dispatcherServlet'
2024-12-08T19:17:03.926+03:00  INFO 15188 --- [tesla] [http-nio-8080-exec-1] o.s.web.servlet.DispatcherServlet        : Completed initialization in 1 ms
2024-12-08T19:26:19.107+03:00  WARN 15188 --- [tesla] [HikariPool-1 housekeeper] com.zaxxer.hikari.pool.HikariPool        : HikariPool-1 - Thread starvation or clock leap detected (housekeeper delta=2m47s964ms354µs600ns).
2024-12-08T19:30:06.944+03:00  WARN 15188 --- [tesla] [HikariPool-1 housekeeper] com.zaxxer.hikari.pool.HikariPool        : HikariPool-1 - Thread starvation or clock leap detected (housekeeper delta=47s797ms298µs900ns).
